This is pdfTeX, Version 3.1415926-2.4-1.40.13 (TeX Live 2012/MacPorts 2012_3) (format=pdflatex 2012.8.6)  27 SEP 2012 13:40
entering extended mode
 restricted \write18 enabled.
 %&-line parsing enabled.
**\input bare_conf.tex
(./bare_conf.tex (./IEEEtran.cls
Document Class: IEEEtran 2007/03/05 V1.7a by Michael Shell
-- See the "IEEEtran_HOWTO" manual for usage information.
-- http://www.michaelshell.org/tex/ieeetran/
\@IEEEtrantmpdimenA=\dimen102
\@IEEEtrantmpdimenB=\dimen103
\@IEEEtrantmpcountA=\count79
\@IEEEtrantmpcountB=\count80
\@IEEEtrantmptoksA=\toks14
LaTeX Font Info:    Try loading font information for OT1+ptm on input line 373.

(/macports-1.9.1/share/texmf-texlive-dist/tex/latex/psnfss/ot1ptm.fd
File: ot1ptm.fd 2001/06/04 font definitions for OT1/ptm.
)
-- Using 8.5in x 11in (letter) paper.
-- Using PDF output.
\@IEEEnormalsizeunitybaselineskip=\dimen104
-- This is a 10 point document.
\CLASSINFOnormalsizebaselineskip=\dimen105
\CLASSINFOnormalsizeunitybaselineskip=\dimen106
\IEEEnormaljot=\dimen107
LaTeX Font Info:    Font shape `OT1/ptm/bx/n' in size <5> not available
(Font)              Font shape `OT1/ptm/b/n' tried instead on input line 731.
LaTeX Font Info:    Font shape `OT1/ptm/bx/it' in size <5> not available
(Font)              Font shape `OT1/ptm/b/it' tried instead on input line 731.
LaTeX Font Info:    Font shape `OT1/ptm/bx/n' in size <7> not available
(Font)              Font shape `OT1/ptm/b/n' tried instead on input line 731.
LaTeX Font Info:    Font shape `OT1/ptm/bx/it' in size <7> not available
(Font)              Font shape `OT1/ptm/b/it' tried instead on input line 731.
LaTeX Font Info:    Font shape `OT1/ptm/bx/n' in size <8> not available
(Font)              Font shape `OT1/ptm/b/n' tried instead on input line 731.
LaTeX Font Info:    Font shape `OT1/ptm/bx/it' in size <8> not available
(Font)              Font shape `OT1/ptm/b/it' tried instead on input line 731.
LaTeX Font Info:    Font shape `OT1/ptm/bx/n' in size <9> not available
(Font)              Font shape `OT1/ptm/b/n' tried instead on input line 731.
LaTeX Font Info:    Font shape `OT1/ptm/bx/it' in size <9> not available
(Font)              Font shape `OT1/ptm/b/it' tried instead on input line 731.
LaTeX Font Info:    Font shape `OT1/ptm/bx/n' in size <10> not available
(Font)              Font shape `OT1/ptm/b/n' tried instead on input line 731.
LaTeX Font Info:    Font shape `OT1/ptm/bx/it' in size <10> not available
(Font)              Font shape `OT1/ptm/b/it' tried instead on input line 731.
LaTeX Font Info:    Font shape `OT1/ptm/bx/n' in size <11> not available
(Font)              Font shape `OT1/ptm/b/n' tried instead on input line 731.
LaTeX Font Info:    Font shape `OT1/ptm/bx/it' in size <11> not available
(Font)              Font shape `OT1/ptm/b/it' tried instead on input line 731.
LaTeX Font Info:    Font shape `OT1/ptm/bx/n' in size <12> not available
(Font)              Font shape `OT1/ptm/b/n' tried instead on input line 731.
LaTeX Font Info:    Font shape `OT1/ptm/bx/it' in size <12> not available
(Font)              Font shape `OT1/ptm/b/it' tried instead on input line 731.
LaTeX Font Info:    Font shape `OT1/ptm/bx/n' in size <17> not available
(Font)              Font shape `OT1/ptm/b/n' tried instead on input line 731.
LaTeX Font Info:    Font shape `OT1/ptm/bx/it' in size <17> not available
(Font)              Font shape `OT1/ptm/b/it' tried instead on input line 731.
LaTeX Font Info:    Font shape `OT1/ptm/bx/n' in size <20> not available
(Font)              Font shape `OT1/ptm/b/n' tried instead on input line 731.
LaTeX Font Info:    Font shape `OT1/ptm/bx/it' in size <20> not available
(Font)              Font shape `OT1/ptm/b/it' tried instead on input line 731.
LaTeX Font Info:    Font shape `OT1/ptm/bx/n' in size <24> not available
(Font)              Font shape `OT1/ptm/b/n' tried instead on input line 731.
LaTeX Font Info:    Font shape `OT1/ptm/bx/it' in size <24> not available
(Font)              Font shape `OT1/ptm/b/it' tried instead on input line 731.
\IEEEilabelindentA=\dimen108
\IEEEilabelindentB=\dimen109
\IEEEilabelindent=\dimen110
\IEEEelabelindent=\dimen111
\IEEEdlabelindent=\dimen112
\IEEElabelindent=\dimen113
\IEEEiednormlabelsep=\dimen114
\IEEEiedmathlabelsep=\dimen115
\IEEEiedtopsep=\skip41
\c@section=\count81
\c@subsection=\count82
\c@subsubsection=\count83
\c@paragraph=\count84
\c@IEEEsubequation=\count85
\abovecaptionskip=\skip42
\belowcaptionskip=\skip43
\c@figure=\count86
\c@table=\count87
\@IEEEeqnnumcols=\count88
\@IEEEeqncolcnt=\count89
\@IEEEtmpitemindent=\dimen116
\c@IEEEbiography=\count90
\@IEEEtranrubishbin=\box26
) (/macports-1.9.1/share/texmf-texlive-dist/tex/latex/graphics/graphicx.sty
Package: graphicx 1999/02/16 v1.0f Enhanced LaTeX Graphics (DPC,SPQR)

(/macports-1.9.1/share/texmf-texlive-dist/tex/latex/graphics/keyval.sty
Package: keyval 1999/03/16 v1.13 key=value parser (DPC)
\KV@toks@=\toks15
)
(/macports-1.9.1/share/texmf-texlive-dist/tex/latex/graphics/graphics.sty
Package: graphics 2009/02/05 v1.0o Standard LaTeX Graphics (DPC,SPQR)

(/macports-1.9.1/share/texmf-texlive-dist/tex/latex/graphics/trig.sty
Package: trig 1999/03/16 v1.09 sin cos tan (DPC)
)
(/macports-1.9.1/share/texmf-texlive-dist/tex/latex/latexconfig/graphics.cfg
File: graphics.cfg 2010/04/23 v1.9 graphics configuration of TeX Live
)
Package graphics Info: Driver file: pdftex.def on input line 91.

(/macports-1.9.1/share/texmf-texlive-dist/tex/latex/pdftex-def/pdftex.def
File: pdftex.def 2011/05/27 v0.06d Graphics/color for pdfTeX

(/macports-1.9.1/share/texmf-texlive-dist/tex/generic/oberdiek/infwarerr.sty
Package: infwarerr 2010/04/08 v1.3 Providing info/warning/error messages (HO)
)
(/macports-1.9.1/share/texmf-texlive-dist/tex/generic/oberdiek/ltxcmds.sty
Package: ltxcmds 2011/11/09 v1.22 LaTeX kernel commands for general use (HO)
)
\Gread@gobject=\count91
))
\Gin@req@height=\dimen117
\Gin@req@width=\dimen118
)
(/macports-1.9.1/share/texmf-texlive-dist/tex/latex/graphics/color.sty
Package: color 2005/11/14 v1.0j Standard LaTeX Color (DPC)

(/macports-1.9.1/share/texmf-texlive-dist/tex/latex/latexconfig/color.cfg
File: color.cfg 2007/01/18 v1.5 color configuration of teTeX/TeXLive
)
Package color Info: Driver file: pdftex.def on input line 130.
)
(/macports-1.9.1/share/texmf-texlive-dist/tex/latex/oberdiek/epstopdf.sty
Package: epstopdf 2010/02/09 v2.5 Conversion with epstopdf on the fly (HO)

(/macports-1.9.1/share/texmf-texlive-dist/tex/latex/oberdiek/epstopdf-base.sty
Package: epstopdf-base 2010/02/09 v2.5 Base part for package epstopdf

(/macports-1.9.1/share/texmf-texlive-dist/tex/latex/oberdiek/grfext.sty
Package: grfext 2010/08/19 v1.1 Manage graphics extensions (HO)

(/macports-1.9.1/share/texmf-texlive-dist/tex/generic/oberdiek/kvdefinekeys.sty
Package: kvdefinekeys 2011/04/07 v1.3 Define keys (HO)
)) (/macports-1.9.1/share/texmf-texlive-dist/tex/latex/oberdiek/kvoptions.sty
Package: kvoptions 2011/06/30 v3.11 Key value format for package options (HO)

(/macports-1.9.1/share/texmf-texlive-dist/tex/generic/oberdiek/kvsetkeys.sty
Package: kvsetkeys 2012/04/25 v1.16 Key value parser (HO)

(/macports-1.9.1/share/texmf-texlive-dist/tex/generic/oberdiek/etexcmds.sty
Package: etexcmds 2011/02/16 v1.5 Avoid name clashes with e-TeX commands (HO)

(/macports-1.9.1/share/texmf-texlive-dist/tex/generic/oberdiek/ifluatex.sty
Package: ifluatex 2010/03/01 v1.3 Provides the ifluatex switch (HO)
Package ifluatex Info: LuaTeX not detected.
)
Package etexcmds Info: Could not find \expanded.
(etexcmds)             That can mean that you are not using pdfTeX 1.50 or
(etexcmds)             that some package has redefined \expanded.
(etexcmds)             In the latter case, load this package earlier.
))) (/macports-1.9.1/share/texmf-texlive-dist/tex/generic/oberdiek/pdftexcmds.s
ty
Package: pdftexcmds 2011/11/29 v0.20 Utility functions of pdfTeX for LuaTeX (HO
)

(/macports-1.9.1/share/texmf-texlive-dist/tex/generic/oberdiek/ifpdf.sty
Package: ifpdf 2011/01/30 v2.3 Provides the ifpdf switch (HO)
Package ifpdf Info: pdfTeX in PDF mode is detected.
)
Package pdftexcmds Info: LuaTeX not detected.
Package pdftexcmds Info: \pdf@primitive is available.
Package pdftexcmds Info: \pdf@ifprimitive is available.
Package pdftexcmds Info: \pdfdraftmode found.
)
Package grfext Info: Graphics extension search list:
(grfext)             [.png,.pdf,.jpg,.mps,.jpeg,.jbig2,.jb2,.PNG,.PDF,.JPG,.JPE
G,.JBIG2,.JB2,.eps]
(grfext)             \AppendGraphicsExtensions on input line 452.

(/macports-1.9.1/share/texmf-texlive-dist/tex/latex/latexconfig/epstopdf-sys.cf
g
File: epstopdf-sys.cfg 2010/07/13 v1.3 Configuration of (r)epstopdf for TeX Liv
e
))) (./bare_conf.aux

LaTeX Warning: Label `fig:7' multiply defined.

)
\openout1 = `bare_conf.aux'.

LaTeX Font Info:    Checking defaults for OML/cmm/m/it on input line 213.
LaTeX Font Info:    ... okay on input line 213.
LaTeX Font Info:    Checking defaults for T1/cmr/m/n on input line 213.
LaTeX Font Info:    ... okay on input line 213.
LaTeX Font Info:    Checking defaults for OT1/cmr/m/n on input line 213.
LaTeX Font Info:    ... okay on input line 213.
LaTeX Font Info:    Checking defaults for OMS/cmsy/m/n on input line 213.
LaTeX Font Info:    ... okay on input line 213.
LaTeX Font Info:    Checking defaults for OMX/cmex/m/n on input line 213.
LaTeX Font Info:    ... okay on input line 213.
LaTeX Font Info:    Checking defaults for U/cmr/m/n on input line 213.
LaTeX Font Info:    ... okay on input line 213.
 (/macports-1.9.1/share/texmf-texlive-dist/tex/context/base/supp-pdf.mkii
[Loading MPS to PDF converter (version 2006.09.02).]
\scratchcounter=\count92
\scratchdimen=\dimen119
\scratchbox=\box27
\nofMPsegments=\count93
\nofMParguments=\count94
\everyMPshowfont=\toks16
\MPscratchCnt=\count95
\MPscratchDim=\dimen120
\MPnumerator=\count96
\makeMPintoPDFobject=\count97
\everyMPtoPDFconversion=\toks17
)
LaTeX Font Info:    Font shape `OT1/ptm/bx/n' in size <14> not available
(Font)              Font shape `OT1/ptm/b/n' tried instead on input line 269.

Underfull \hbox (badness 1448) in paragraph at lines 307--310
[]\OT1/ptm/b/it/9 Keywords\OT1/ptm/b/n/9 -Graph par-ti-tion-ing, vec-tor-iza-ti
on, data par-al-
 []

(./introduction.tex
LaTeX Font Info:    Try loading font information for OT1+pcr on input line 55.

(/macports-1.9.1/share/texmf-texlive-dist/tex/latex/psnfss/ot1pcr.fd
File: ot1pcr.fd 2001/06/04 font definitions for OT1/pcr.
)

LaTeX Warning: `!h' float specifier changed to `!ht'.

LaTeX Font Info:    External font `cmex10' loaded for size
(Font)              <7> on input line 83.
LaTeX Font Info:    External font `cmex10' loaded for size
(Font)              <5> on input line 83.

Underfull \vbox (badness 4543) has occurred while \output is active []

 [1{/macports-1.9.1/var/db/texmf/fonts/map/pdftex/updmap/pdftex.map}


]) (./related_work.tex) [2]
Overfull \hbox (1.62643pt too wide) detected at line 439
[][]
 []

(./task_graph.tex (./figures/jacobi2d.pstex_t
Package epstopdf Info: Source file: <./figures/jacobi2d.eps>
(epstopdf)                    date: 2012-09-27 13:32:36
(epstopdf)                    size: 32483 bytes
(epstopdf)             Output file: <./figures/jacobi2d-eps-converted-to.pdf>
(epstopdf)                    date: 2012-09-27 13:36:46
(epstopdf)                    size: 20648 bytes
(epstopdf)             Command: <repstopdf --outfile=./figures/jacobi2d-eps-con
verted-to.pdf ./figures/jacobi2d.eps>
(epstopdf)             \includegraphics on input line 2.
Package epstopdf Info: Output file is already uptodate.

<./figures/jacobi2d-eps-converted-to.pdf, id=19, 984.67876pt x 770.88pt>
File: ./figures/jacobi2d-eps-converted-to.pdf Graphic file (type pdf)

<use ./figures/jacobi2d-eps-converted-to.pdf>
Package pdftex.def Info: ./figures/jacobi2d-eps-converted-to.pdf used on input 
line 2.
(pdftex.def)             Requested size: 984.67635pt x 770.87813pt.
LaTeX Font Info:    Calculating math sizes for size <14> on input line 19.
LaTeX Font Info:    External font `cmex10' loaded for size
(Font)              <14> on input line 19.
LaTeX Font Info:    External font `cmex10' loaded for size
(Font)              <9.79996> on input line 19.
) [3]
Underfull \vbox (badness 10000) has occurred while \output is active []

 [4 <./figures/jacobi2d-eps-converted-to.pdf>]) (./resource_graph.tex
(./figures/dendrogram.pstex_t
Package epstopdf Info: Source file: <./figures/dendrogram.eps>
(epstopdf)                    date: 2012-09-27 13:39:02
(epstopdf)                    size: 7745 bytes
(epstopdf)             Output file: <./figures/dendrogram-eps-converted-to.pdf>

(epstopdf)                    date: 2012-09-27 13:39:18
(epstopdf)                    size: 6717 bytes
(epstopdf)             Command: <repstopdf --outfile=./figures/dendrogram-eps-c
onverted-to.pdf ./figures/dendrogram.eps>
(epstopdf)             \includegraphics on input line 2.
Package epstopdf Info: Output file is already uptodate.

<./figures/dendrogram-eps-converted-to.pdf, id=40, 1117.17375pt x 386.44376pt>
File: ./figures/dendrogram-eps-converted-to.pdf Graphic file (type pdf)

<use ./figures/dendrogram-eps-converted-to.pdf>
Package pdftex.def Info: ./figures/dendrogram-eps-converted-to.pdf used on inpu
t line 2.
(pdftex.def)             Requested size: 1117.17104pt x 386.44281pt.
) [5]
Underfull \hbox (badness 1584) in paragraph at lines 136--152
[]\OT1/ptm/m/n/10 For the topol-ogy in Fig-ure 5[], we first cal-cu-late
 []


Underfull \vbox (badness 6188) has occurred while \output is active []

Package epstopdf Info: Source file: <./figures/resource.eps>
(epstopdf)                    date: 2012-09-24 18:20:07
(epstopdf)                    size: 290038 bytes
(epstopdf)             Output file: <./figures/resource-eps-converted-to.pdf>
(epstopdf)                    date: 2012-09-24 18:20:07
(epstopdf)                    size: 90475 bytes
(epstopdf)             Command: <repstopdf --outfile=./figures/resource-eps-con
verted-to.pdf ./figures/resource.eps>
(epstopdf)             \includegraphics on input line 171.
Package epstopdf Info: Output file is already uptodate.

<./figures/resource-eps-converted-to.pdf, id=44, 567.11874pt x 716.6775pt>
File: ./figures/resource-eps-converted-to.pdf Graphic file (type pdf)

<use ./figures/resource-eps-converted-to.pdf>
Package pdftex.def Info: ./figures/resource-eps-converted-to.pdf used on input 
line 171.
(pdftex.def)             Requested size: 243.85631pt x 308.16533pt.
 [6 <./figures/dendrogram-eps-converted-to.pdf>]) (./implementation.tex (./figu
res/dendrogram.pstex_t
Package epstopdf Info: Source file: <./figures/dendrogram.eps>
(epstopdf)                    date: 2012-09-27 13:39:02
(epstopdf)                    size: 7745 bytes
(epstopdf)             Output file: <./figures/dendrogram-eps-converted-to.pdf>

(epstopdf)                    date: 2012-09-27 13:39:18
(epstopdf)                    size: 6717 bytes
(epstopdf)             Command: <repstopdf --outfile=./figures/dendrogram-eps-c
onverted-to.pdf ./figures/dendrogram.eps>
(epstopdf)             \includegraphics on input line 2.
Package epstopdf Info: Output file is already uptodate.
File: ./figures/dendrogram-eps-converted-to.pdf Graphic file (type pdf)

<use ./figures/dendrogram-eps-converted-to.pdf>
Package pdftex.def Info: ./figures/dendrogram-eps-converted-to.pdf used on inpu
t line 2.
(pdftex.def)             Requested size: 1117.17104pt x 386.44281pt.
) [7 <./figures/resource-eps-converted-to.pdf>]) (./bare_conf.bbl [8] [9]
Underfull \hbox (badness 1735) in paragraph at lines 199--203
[]\OT1/ptm/m/n/9 K. Devine, E. Bo-man, L. Riesen, U. Catalyurek, and
 []

)

** Conference Paper **
Before submitting the final camera ready copy, remember to:

 1. Manually equalize the lengths of two columns on the last page
 of your paper;

 2. Ensure that any PostScript and/or PDF output post-processing
 uses only Type 1 fonts and that every step in the generation
 process uses the appropriate paper size.

[10

] (./bare_conf.aux)

LaTeX Warning: There were multiply-defined labels.

 ) 
Here is how much of TeX's memory you used:
 2385 strings out of 494763
 38608 string characters out of 3170658
 102618 words of memory out of 3000000
 5560 multiletter control sequences out of 15000+200000
 39999 words of font info for 78 fonts, out of 3000000 for 9000
 134 hyphenation exceptions out of 8191
 42i,11n,23p,315b,301s stack positions out of 5000i,500n,10000p,200000b,50000s
{/macports-1.9.1/share/texmf-texlive-dist/fonts/enc/dvips/base/8r.enc}</macpo
rts-1.9.1/share/texmf-texlive-dist/fonts/type1/public/amsfonts/cm/cmex10.pfb></
macports-1.9.1/share/texmf-texlive-dist/fonts/type1/public/amsfonts/cm/cmmi10.p
fb></macports-1.9.1/share/texmf-texlive-dist/fonts/type1/public/amsfonts/cm/cmm
i12.pfb></macports-1.9.1/share/texmf-texlive-dist/fonts/type1/public/amsfonts/c
m/cmmi5.pfb></macports-1.9.1/share/texmf-texlive-dist/fonts/type1/public/amsfon
ts/cm/cmmi7.pfb></macports-1.9.1/share/texmf-texlive-dist/fonts/type1/public/am
sfonts/cm/cmr10.pfb></macports-1.9.1/share/texmf-texlive-dist/fonts/type1/publi
c/amsfonts/cm/cmr12.pfb></macports-1.9.1/share/texmf-texlive-dist/fonts/type1/p
ublic/amsfonts/cm/cmr7.pfb></macports-1.9.1/share/texmf-texlive-dist/fonts/type
1/public/amsfonts/cm/cmsy10.pfb></macports-1.9.1/share/texmf-texlive-dist/fonts
/type1/public/amsfonts/cm/cmsy5.pfb></macports-1.9.1/share/texmf-texlive-dist/f
onts/type1/public/amsfonts/cm/cmsy7.pfb></macports-1.9.1/share/texmf-texlive-di
st/fonts/type1/public/amsfonts/cm/cmtt10.pfb></macports-1.9.1/share/texmf-texli
ve-dist/fonts/type1/urw/courier/ucrr8a.pfb></macports-1.9.1/share/texmf-texlive
-dist/fonts/type1/urw/times/utmb8a.pfb></macports-1.9.1/share/texmf-texlive-dis
t/fonts/type1/urw/times/utmbi8a.pfb></macports-1.9.1/share/texmf-texlive-dist/f
onts/type1/urw/times/utmr8a.pfb></macports-1.9.1/share/texmf-texlive-dist/fonts
/type1/urw/times/utmri8a.pfb>
Output written on bare_conf.pdf (10 pages, 336874 bytes).
PDF statistics:
 128 PDF objects out of 1000 (max. 8388607)
 90 compressed objects within 1 object stream
 0 named destinations out of 1000 (max. 500000)
 16 words of extra memory for PDF output out of 10000 (max. 10000000)

